<?xml version="1.0" encoding="UTF-8"?>
<!-- Generated by org.testng.reporters.JUnitXMLReporter -->
<testsuite hostname="win7-PC" ignored="0" name="Default test" tests="4" failures="0" timestamp="07 Mar 2018 01:36:31 GMT" time="89.05" errors="0">
  <testcase name="verifyLoginWithvalidCredentials" time="17.964" classname="com.test.automation.uiAutomation.homepage.TC002_VerifyLoginWithInvalidCredentials"/>
  <testcase name="verifyLoginWithvalidCredentials" time="14.412" classname="com.test.automation.uiAutomation.homepage.TC002_VerifyLoginWithInvalidCredentials"/>
  <testcase name="verifyLoginWithvalidCredentials" time="0.003" classname="com.test.automation.uiAutomation.homepage.TC002_VerifyLoginWithInvalidCredentials">
    <skipped/>
  </testcase> <!-- verifyLoginWithvalidCredentials -->
  <testcase name="verifyLoginWithvalidCredentials" time="13.19" classname="com.test.automation.uiAutomation.homepage.TC002_VerifyLoginWithInvalidCredentials"/>
</testsuite> <!-- Default test -->
